<html xmlns:math="http://exslt.org/math" xmlns:testng="http://testng.org">
   <head>
      <title>TestNG Results</title>
      <meta http-equiv="content-type" content="text/html; charset=utf-8"></meta>
      <meta http-equiv="pragma" content="no-cache"></meta>
      <meta http-equiv="cache-control" content="max-age=0"></meta>
      <meta http-equiv="cache-control" content="no-cache"></meta>
      <meta http-equiv="cache-control" content="no-store"></meta>
      <LINK rel="stylesheet" href="style.css"></LINK>
      <script type="text/javascript" src="main.js"></script>
   </head>
   <body>
      <table width="100%" style="font-size: 16px; margin-bottom: 10px;" cellspacing="1">
         <tr>
            <td width="100%">
               All methods in suite
               
               <b>Suite</b>
            </td>
            <td style="background-color: #FFBBBB; padding: 3px 3px 3px 0;" align="center">
               <div style="width: 50px;">2</div>
            </td>
            <td style="background-color: lightgreen; padding: 3px 3px 3px 0;" align="center">
               <div style="width: 50px;">0</div>
            </td>
            <td style="background-color: #FFFFBB; padding: 3px 3px 3px 0;" align="center">
               <div style="width: 50px;">0</div>
            </td>
            <td align="center" style="background-color: #eaf0f7; padding: 3px 3px 3px 0;">
               <div style="width: 50px;">2</div>
            </td>
            <td align="center"
                style="font-weight: bold; background-color: #eaf0f7; padding: 3px 3px 3px 0;">
               <div style="width: 50px;">0%</div>
            </td>
            <td style="background-color: #eaf0f7; padding: 3px 3px 3px 0;" align="center"
                nowrap="true">59s
               
            </td>
         </tr>
      </table>
      <div style="width: 200px;">
         <label for="groupMethodsCheckBox" style="font-weight: bold; margin: 0;">
            <input id="groupMethodsCheckBox" type="checkbox" onclick="switchTestMethodsView(this)"></input>
            Group by class
            
         </label>
         <br></br>
         <label for="methodsFilter_ALL" style="font-weight: bold; margin: 0;">
            <input id="methodsFilter_ALL" type="checkbox"
                   onclick="testMethodsFilterChanged(this, 'ALL')"></input>
            All
            
         </label>
      </div>
      <label for="methodsFilter_FAIL" style="margin-left: 20px;">
         <input id="methodsFilter_FAIL" type="checkbox"
                onclick="testMethodsFilterChanged(this, 'FAIL')"
                checked=""></input>
         Failed
         
      </label>
      <label for="methodsFilter_PASS">
         <input id="methodsFilter_PASS" type="checkbox"
                onclick="testMethodsFilterChanged(this, 'PASS')"
                checked=""></input>
         Passed
         
      </label>
      <label for="methodsFilter_SKIP">
         <input id="methodsFilter_SKIP" type="checkbox"
                onclick="testMethodsFilterChanged(this, 'SKIP')"
                checked=""></input>
         Skipped
         
      </label>
      <label for="methodsFilter_CONF">
         <input id="methodsFilter_CONF" type="checkbox"
                onclick="testMethodsFilterChanged(this, 'CONF')"></input>
         Config
         
      </label>
      <br></br>
      <div id="testMethodsByStatus">
         <table class="testMethodsTable" cellpadding="0" cellspacing="0">
            <tr class="methodsTableHeader">
               <td width="100%">Name</td>
               <td nowrap="true">Started</td>
               <td nowrap="true">Duration</td>
               <td>Exception</td>
            </tr>
            <tr id="com.test.testcases.Shopping_testShopping_byStatus_failed_FAIL1_row"
                class="testMethodStatusFAIL">
               <td width="100%" class="firstMethodCell">
                  <a onclick="toggleDetailsVisibility('com.test.testcases.Shopping_testShopping_byStatus_failed_FAIL1_details')">testShopping({mobileprice=1000-1699, mobilename=商品筛选华为, url=http://www.jd.com})</a>
               </td>
               <td nowrap="true">12:50:44</td>
               <td nowrap="true" align="right">15s
                  
               </td>
               <td nowrap="true">
                  <a onclick="toggleDetailsVisibility('com.test.testcases.Shopping_testShopping_byStatus_failed_FAIL1_exception')">org.openqa.selenium.TimeoutException: 
                     Timed out waiting for page load.
                     Command duration or timeout: 15.05 seconds
                     Build info: version: '2.53.1', revision: 'a36b8b1', time: '2016-06-30 17:37:03'
                     System info: host: 'VeradeMacBook-Pro.local', ip: '192.168.1.47', os.name: 'Mac OS X', os.arch: 'x86_64', os.version: '10.12.4',
                     java.version: '1.8.0_101'
                     Driver info: org.openqa.selenium.firefox.FirefoxDriver
                     Capabilities [{applicationCacheEnabled=true, rotatable=false, handlesAlerts=true, databaseEnabled=true, version=45.6.0, platform=MAC,
                     nativeEvents=false, acceptSslCerts=true, webStorageEnabled=true, locationContextEnabled=true, browserName=firefox, takesScreenshot=true,
                     javascriptEnabled=true, cssSelectorsEnabled=true}]
                     Session ID: f6fdac4b-46b5-844d-875c-b8e953c9790f
                     
                  </a>
                   
                  
               </td>
            </tr>
            <tr>
               <td colspan="4"
                   style="padding: 0; background-color: white; border-style: none; height: 0px;">
                  <div id="com.test.testcases.Shopping_testShopping_byStatus_failed_FAIL1_details"
                       class="testMethodDetails">
                     <div>
                        <b>Name:
                           
                        </b>testShopping
                     </div>
                     <div>
                        <b>Signature:
                           
                        </b>testShopping(java.util.Map)[pri:0, instance:com.test.testcases.Shopping@5c0369c4]
                     </div>
                     <div>
                        <b>Parameters:
                           
                        </b>
                        
                        {mobileprice=1000-1699, mobilename=商品筛选华为, url=http://www.jd.com}
                        
                        
                     </div>
                     <div>
                        <b>Start time:
                           
                        </b>12:50:44
                     </div>
                     <div>
                        <b>End time:
                           
                        </b>12:50:59
                     </div>
                     <div>
                        <b>Duration:
                           
                        </b>15s
                        
                     </div>
                  </div>
               </td>
            </tr>
            <tr>
               <td colspan="4"
                   style="padding: 0; background-color: white; border-style: none; height: 0px;">
                  <div id="com.test.testcases.Shopping_testShopping_byStatus_failed_FAIL1_exception"
                       class="testMethodDetails">
                     <pre style="padding: 5px; margin: 0;">org.openqa.selenium.TimeoutException: Timed out waiting for page load.
                        Command duration or timeout: 15.05 seconds
                        Build info: version: '2.53.1', revision: 'a36b8b1', time: '2016-06-30 17:37:03'
                        System info: host: 'VeradeMacBook-Pro.local', ip: '192.168.1.47', os.name: 'Mac OS X', os.arch: 'x86_64', os.version: '10.12.4',
                        java.version: '1.8.0_101'
                        Driver info: org.openqa.selenium.firefox.FirefoxDriver
                        Capabilities [{applicationCacheEnabled=true, rotatable=false, handlesAlerts=true, databaseEnabled=true, version=45.6.0, platform=MAC,
                        nativeEvents=false, acceptSslCerts=true, webStorageEnabled=true, locationContextEnabled=true, browserName=firefox, takesScreenshot=true,
                        javascriptEnabled=true, cssSelectorsEnabled=true}]
                        Session ID: f6fdac4b-46b5-844d-875c-b8e953c9790f
                        	at sun.reflect.NativeConstructorAccessorImpl.newInstance0(Native Method)
                        	at sun.reflect.NativeConstructorAccessorImpl.newInstance(NativeConstructorAccessorImpl.java:62)
                        	at sun.reflect.DelegatingConstructorAccessorImpl.newInstance(DelegatingConstructorAccessorImpl.java:45)
                        	at java.lang.reflect.Constructor.newInstance(Constructor.java:423)
                        	at org.openqa.selenium.remote.ErrorHandler.createThrowable(ErrorHandler.java:206)
                        	at org.openqa.selenium.remote.ErrorHandler.throwIfResponseFailed(ErrorHandler.java:158)
                        	at org.openqa.selenium.remote.RemoteWebDriver.execute(RemoteWebDriver.java:678)
                        	at org.openqa.selenium.remote.RemoteWebDriver.get(RemoteWebDriver.java:316)
                        	at com.test.base.TestBase.goTo(Unknown Source)
                        	at com.test.testcases.Shopping.testShopping(Unknown Source)
                        	at sun.reflect.NativeMethodAccessorImpl.invoke0(Native Method)
                        	at sun.reflect.NativeMethodAccessorImpl.invoke(NativeMethodAccessorImpl.java:62)
                        	at sun.reflect.DelegatingMethodAccessorImpl.invoke(DelegatingMethodAccessorImpl.java:43)
                        	at java.lang.reflect.Method.invoke(Method.java:498)
                        	at org.testng.internal.MethodInvocationHelper.invokeMethod(MethodInvocationHelper.java:85)
                        	at org.testng.internal.Invoker.invokeMethod(Invoker.java:639)
                        	at org.testng.internal.Invoker.invokeTestMethod(Invoker.java:816)
                        	at org.testng.internal.Invoker.invokeTestMethods(Invoker.java:1124)
                        	at org.testng.internal.TestMethodWorker.invokeTestMethods(TestMethodWorker.java:125)
                        	at org.testng.internal.TestMethodWorker.run(TestMethodWorker.java:108)
                        	at org.testng.TestRunner.privateRun(TestRunner.java:774)
                        	at org.testng.TestRunner.run(TestRunner.java:624)
                        	at org.testng.SuiteRunner.runTest(SuiteRunner.java:359)
                        	at org.testng.SuiteRunner.runSequentially(SuiteRunner.java:354)
                        	at org.testng.SuiteRunner.privateRun(SuiteRunner.java:312)
                        	at org.testng.SuiteRunner.run(SuiteRunner.java:261)
                        	at org.testng.SuiteRunnerWorker.runSuite(SuiteRunnerWorker.java:52)
                        	at org.testng.SuiteRunnerWorker.run(SuiteRunnerWorker.java:86)
                        	at org.testng.TestNG.runSuitesSequentially(TestNG.java:1215)
                        	at org.testng.TestNG.runSuitesLocally(TestNG.java:1140)
                        	at org.testng.TestNG.run(TestNG.java:1048)
                        	at org.testng.TestNG.privateMain(TestNG.java:1355)
                        	at org.testng.TestNG.main(TestNG.java:1324)
                        Caused by: org.openqa.selenium.TimeoutException: Timed out waiting for page load.
                        Build info: version: '2.53.1', revision: 'a36b8b1', time: '2016-06-30 17:37:03'
                        System info: host: 'VeradeMacBook-Pro.local', ip: '192.168.1.47', os.name: 'Mac OS X', os.arch: 'x86_64', os.version: '10.12.4',
                        java.version: '1.8.0_101'
                        Driver info: driver.version: unknown
                        	at &lt;anonymous class&gt;.Utils.initWebLoadingListener/&lt;(file:///var/folders/9f/plvps0w910gdwxmqq6rkdmmc0000gn/T/anonymous2786757453152344032webdriver-profile/extensions/fxdriver@googlecode.com/components/driver-component.js:9071)
                        	at &lt;anonymous class&gt;.WebLoadingListener/e(file:///var/folders/9f/plvps0w910gdwxmqq6rkdmmc0000gn/T/anonymous2786757453152344032webdriver-profile/extensions/fxdriver@googlecode.com/components/driver-component.js:5142)
                        	at &lt;anonymous class&gt;.WebLoadingListener/&lt;(file:///var/folders/9f/plvps0w910gdwxmqq6rkdmmc0000gn/T/anonymous2786757453152344032webdriver-profile/extensions/fxdriver@googlecode.com/components/driver-component.js:5150)
                        	at &lt;anonymous class&gt;.fxdriver.Timer.prototype.setTimeout/&lt;.notify(file:///var/folders/9f/plvps0w910gdwxmqq6rkdmmc0000gn/T/anonymous2786757453152344032webdriver-profile/extensions/fxdriver@googlecode.com/components/driver-component.js:625)
                     </pre>
                  </div>
               </td>
            </tr>
            <tr id="com.test.testcases.Shopping_testShopping_byStatus_failed_FAIL2_row"
                class="testMethodStatusFAIL">
               <td width="100%" class="firstMethodCell">
                  <a onclick="toggleDetailsVisibility('com.test.testcases.Shopping_testShopping_byStatus_failed_FAIL2_details')">testShopping({mobileprice=3700-3899, mobilename=商品筛选苹果, url=http://www.jd.com})</a>
               </td>
               <td nowrap="true">12:50:59</td>
               <td nowrap="true" align="right">39s
                  
               </td>
               <td nowrap="true">
                  <a onclick="toggleDetailsVisibility('com.test.testcases.Shopping_testShopping_byStatus_failed_FAIL2_exception')">java.lang.NullPointerException: </a>
                   
                  
               </td>
            </tr>
            <tr>
               <td colspan="4"
                   style="padding: 0; background-color: white; border-style: none; height: 0px;">
                  <div id="com.test.testcases.Shopping_testShopping_byStatus_failed_FAIL2_details"
                       class="testMethodDetails">
                     <div>
                        <b>Name:
                           
                        </b>testShopping
                     </div>
                     <div>
                        <b>Signature:
                           
                        </b>testShopping(java.util.Map)[pri:0, instance:com.test.testcases.Shopping@5c0369c4]
                     </div>
                     <div>
                        <b>Parameters:
                           
                        </b>
                        
                        {mobileprice=3700-3899, mobilename=商品筛选苹果, url=http://www.jd.com}
                        
                        
                     </div>
                     <div>
                        <b>Start time:
                           
                        </b>12:50:59
                     </div>
                     <div>
                        <b>End time:
                           
                        </b>12:51:38
                     </div>
                     <div>
                        <b>Duration:
                           
                        </b>39s
                        
                     </div>
                  </div>
               </td>
            </tr>
            <tr>
               <td colspan="4"
                   style="padding: 0; background-color: white; border-style: none; height: 0px;">
                  <div id="com.test.testcases.Shopping_testShopping_byStatus_failed_FAIL2_exception"
                       class="testMethodDetails">
                     <pre style="padding: 5px; margin: 0;">java.lang.NullPointerException
                        	at com.test.page.FirstPage.linkToMobileList(Unknown Source)
                        	at com.test.testcases.Shopping.testShopping(Unknown Source)
                        	at sun.reflect.NativeMethodAccessorImpl.invoke0(Native Method)
                        	at sun.reflect.NativeMethodAccessorImpl.invoke(NativeMethodAccessorImpl.java:62)
                        	at sun.reflect.DelegatingMethodAccessorImpl.invoke(DelegatingMethodAccessorImpl.java:43)
                        	at java.lang.reflect.Method.invoke(Method.java:498)
                        	at org.testng.internal.MethodInvocationHelper.invokeMethod(MethodInvocationHelper.java:85)
                        	at org.testng.internal.Invoker.invokeMethod(Invoker.java:639)
                        	at org.testng.internal.Invoker.invokeTestMethod(Invoker.java:816)
                        	at org.testng.internal.Invoker.invokeTestMethods(Invoker.java:1124)
                        	at org.testng.internal.TestMethodWorker.invokeTestMethods(TestMethodWorker.java:125)
                        	at org.testng.internal.TestMethodWorker.run(TestMethodWorker.java:108)
                        	at org.testng.TestRunner.privateRun(TestRunner.java:774)
                        	at org.testng.TestRunner.run(TestRunner.java:624)
                        	at org.testng.SuiteRunner.runTest(SuiteRunner.java:359)
                        	at org.testng.SuiteRunner.runSequentially(SuiteRunner.java:354)
                        	at org.testng.SuiteRunner.privateRun(SuiteRunner.java:312)
                        	at org.testng.SuiteRunner.run(SuiteRunner.java:261)
                        	at org.testng.SuiteRunnerWorker.runSuite(SuiteRunnerWorker.java:52)
                        	at org.testng.SuiteRunnerWorker.run(SuiteRunnerWorker.java:86)
                        	at org.testng.TestNG.runSuitesSequentially(TestNG.java:1215)
                        	at org.testng.TestNG.runSuitesLocally(TestNG.java:1140)
                        	at org.testng.TestNG.run(TestNG.java:1048)
                        	at org.testng.TestNG.privateMain(TestNG.java:1355)
                        	at org.testng.TestNG.main(TestNG.java:1324)
                     </pre>
                  </div>
               </td>
            </tr>
            <tr id="com.test.testcases.Shopping_initialDriver_byStatus_passed_PASS1_row"
                class="testMethodStatusPASS testMethodStatusCONF">
               <td width="100%" class="firstMethodCell">
                  <a onclick="toggleDetailsVisibility('com.test.testcases.Shopping_initialDriver_byStatus_passed_PASS1_details')">initialDriver()</a>
               </td>
               <td nowrap="true">12:50:40</td>
               <td nowrap="true" align="right">4s
                  
               </td>
               <td nowrap="true">
                   
                  
               </td>
            </tr>
            <tr>
               <td colspan="4"
                   style="padding: 0; background-color: white; border-style: none; height: 0px;">
                  <div id="com.test.testcases.Shopping_initialDriver_byStatus_passed_PASS1_details"
                       class="testMethodDetails">
                     <div>
                        <b>Name:
                           
                        </b>initialDriver
                     </div>
                     <div>
                        <b>Signature:
                           
                        </b>initialDriver()[pri:0, instance:com.test.testcases.Shopping@5c0369c4]
                     </div>
                     <div>
                        <b>Start time:
                           
                        </b>12:50:40
                     </div>
                     <div>
                        <b>End time:
                           
                        </b>12:50:44
                     </div>
                     <div>
                        <b>Duration:
                           
                        </b>4s
                        
                     </div>
                  </div>
               </td>
            </tr>
            <tr></tr>
            <tr id="com.test.testcases.Shopping_closeDriver_byStatus_passed_PASS2_row"
                class="testMethodStatusPASS testMethodStatusCONF">
               <td width="100%" class="firstMethodCell">
                  <a onclick="toggleDetailsVisibility('com.test.testcases.Shopping_closeDriver_byStatus_passed_PASS2_details')">closeDriver()</a>
               </td>
               <td nowrap="true">12:51:38</td>
               <td nowrap="true" align="right">184 ms
                  
               </td>
               <td nowrap="true">
                   
                  
               </td>
            </tr>
            <tr>
               <td colspan="4"
                   style="padding: 0; background-color: white; border-style: none; height: 0px;">
                  <div id="com.test.testcases.Shopping_closeDriver_byStatus_passed_PASS2_details"
                       class="testMethodDetails">
                     <div>
                        <b>Name:
                           
                        </b>closeDriver
                     </div>
                     <div>
                        <b>Signature:
                           
                        </b>closeDriver()[pri:0, instance:com.test.testcases.Shopping@5c0369c4]
                     </div>
                     <div>
                        <b>Start time:
                           
                        </b>12:51:38
                     </div>
                     <div>
                        <b>End time:
                           
                        </b>12:51:39
                     </div>
                     <div>
                        <b>Duration:
                           
                        </b>184 ms
                        
                     </div>
                  </div>
               </td>
            </tr>
            <tr></tr>
         </table>
      </div>
      <div id="testMethodsByClass" style="display: none;">
         <table class="testMethodsTable" cellpadding="0" cellspacing="0">
            <tr>
               <td colspan="4">
                  <h3 style="display: inline;">com.test.testcases.Shopping</h3>
               </td>
            </tr>
            <tr class="methodsTableHeader">
               <td width="100%">Name</td>
               <td nowrap="true">Started</td>
               <td nowrap="true">Duration</td>
               <td>Exception</td>
            </tr>
            <tr id="com.test.testcases.Shopping_initialDriver_byClass_PASS1_row"
                class="testMethodStatusPASS testMethodStatusCONF">
               <td width="100%" class="firstMethodCell">
                  <a onclick="toggleDetailsVisibility('com.test.testcases.Shopping_initialDriver_byClass_PASS1_details')">initialDriver()</a>
               </td>
               <td nowrap="true">12:50:40</td>
               <td nowrap="true" align="right">4s
                  
               </td>
               <td nowrap="true">
                   
                  
               </td>
            </tr>
            <tr>
               <td colspan="4"
                   style="padding: 0; background-color: white; border-style: none; height: 0px;">
                  <div id="com.test.testcases.Shopping_initialDriver_byClass_PASS1_details"
                       class="testMethodDetails">
                     <div>
                        <b>Name:
                           
                        </b>initialDriver
                     </div>
                     <div>
                        <b>Signature:
                           
                        </b>initialDriver()[pri:0, instance:com.test.testcases.Shopping@5c0369c4]
                     </div>
                     <div>
                        <b>Start time:
                           
                        </b>12:50:40
                     </div>
                     <div>
                        <b>End time:
                           
                        </b>12:50:44
                     </div>
                     <div>
                        <b>Duration:
                           
                        </b>4s
                        
                     </div>
                  </div>
               </td>
            </tr>
            <tr></tr>
            <tr id="com.test.testcases.Shopping_testShopping_byClass_FAIL2_row"
                class="testMethodStatusFAIL">
               <td width="100%" class="firstMethodCell">
                  <a onclick="toggleDetailsVisibility('com.test.testcases.Shopping_testShopping_byClass_FAIL2_details')">testShopping({mobileprice=1000-1699, mobilename=商品筛选华为, url=http://www.jd.com})</a>
               </td>
               <td nowrap="true">12:50:44</td>
               <td nowrap="true" align="right">15s
                  
               </td>
               <td nowrap="true">
                  <a onclick="toggleDetailsVisibility('com.test.testcases.Shopping_testShopping_byClass_FAIL2_exception')">org.openqa.selenium.TimeoutException: 
                     Timed out waiting for page load.
                     Command duration or timeout: 15.05 seconds
                     Build info: version: '2.53.1', revision: 'a36b8b1', time: '2016-06-30 17:37:03'
                     System info: host: 'VeradeMacBook-Pro.local', ip: '192.168.1.47', os.name: 'Mac OS X', os.arch: 'x86_64', os.version: '10.12.4',
                     java.version: '1.8.0_101'
                     Driver info: org.openqa.selenium.firefox.FirefoxDriver
                     Capabilities [{applicationCacheEnabled=true, rotatable=false, handlesAlerts=true, databaseEnabled=true, version=45.6.0, platform=MAC,
                     nativeEvents=false, acceptSslCerts=true, webStorageEnabled=true, locationContextEnabled=true, browserName=firefox, takesScreenshot=true,
                     javascriptEnabled=true, cssSelectorsEnabled=true}]
                     Session ID: f6fdac4b-46b5-844d-875c-b8e953c9790f
                     
                  </a>
                   
                  
               </td>
            </tr>
            <tr>
               <td colspan="4"
                   style="padding: 0; background-color: white; border-style: none; height: 0px;">
                  <div id="com.test.testcases.Shopping_testShopping_byClass_FAIL2_details"
                       class="testMethodDetails">
                     <div>
                        <b>Name:
                           
                        </b>testShopping
                     </div>
                     <div>
                        <b>Signature:
                           
                        </b>testShopping(java.util.Map)[pri:0, instance:com.test.testcases.Shopping@5c0369c4]
                     </div>
                     <div>
                        <b>Parameters:
                           
                        </b>
                        
                        {mobileprice=1000-1699, mobilename=商品筛选华为, url=http://www.jd.com}
                        
                        
                     </div>
                     <div>
                        <b>Start time:
                           
                        </b>12:50:44
                     </div>
                     <div>
                        <b>End time:
                           
                        </b>12:50:59
                     </div>
                     <div>
                        <b>Duration:
                           
                        </b>15s
                        
                     </div>
                  </div>
               </td>
            </tr>
            <tr>
               <td colspan="4"
                   style="padding: 0; background-color: white; border-style: none; height: 0px;">
                  <div id="com.test.testcases.Shopping_testShopping_byClass_FAIL2_exception"
                       class="testMethodDetails">
                     <pre style="padding: 5px; margin: 0;">org.openqa.selenium.TimeoutException: Timed out waiting for page load.
                        Command duration or timeout: 15.05 seconds
                        Build info: version: '2.53.1', revision: 'a36b8b1', time: '2016-06-30 17:37:03'
                        System info: host: 'VeradeMacBook-Pro.local', ip: '192.168.1.47', os.name: 'Mac OS X', os.arch: 'x86_64', os.version: '10.12.4',
                        java.version: '1.8.0_101'
                        Driver info: org.openqa.selenium.firefox.FirefoxDriver
                        Capabilities [{applicationCacheEnabled=true, rotatable=false, handlesAlerts=true, databaseEnabled=true, version=45.6.0, platform=MAC,
                        nativeEvents=false, acceptSslCerts=true, webStorageEnabled=true, locationContextEnabled=true, browserName=firefox, takesScreenshot=true,
                        javascriptEnabled=true, cssSelectorsEnabled=true}]
                        Session ID: f6fdac4b-46b5-844d-875c-b8e953c9790f
                        	at sun.reflect.NativeConstructorAccessorImpl.newInstance0(Native Method)
                        	at sun.reflect.NativeConstructorAccessorImpl.newInstance(NativeConstructorAccessorImpl.java:62)
                        	at sun.reflect.DelegatingConstructorAccessorImpl.newInstance(DelegatingConstructorAccessorImpl.java:45)
                        	at java.lang.reflect.Constructor.newInstance(Constructor.java:423)
                        	at org.openqa.selenium.remote.ErrorHandler.createThrowable(ErrorHandler.java:206)
                        	at org.openqa.selenium.remote.ErrorHandler.throwIfResponseFailed(ErrorHandler.java:158)
                        	at org.openqa.selenium.remote.RemoteWebDriver.execute(RemoteWebDriver.java:678)
                        	at org.openqa.selenium.remote.RemoteWebDriver.get(RemoteWebDriver.java:316)
                        	at com.test.base.TestBase.goTo(Unknown Source)
                        	at com.test.testcases.Shopping.testShopping(Unknown Source)
                        	at sun.reflect.NativeMethodAccessorImpl.invoke0(Native Method)
                        	at sun.reflect.NativeMethodAccessorImpl.invoke(NativeMethodAccessorImpl.java:62)
                        	at sun.reflect.DelegatingMethodAccessorImpl.invoke(DelegatingMethodAccessorImpl.java:43)
                        	at java.lang.reflect.Method.invoke(Method.java:498)
                        	at org.testng.internal.MethodInvocationHelper.invokeMethod(MethodInvocationHelper.java:85)
                        	at org.testng.internal.Invoker.invokeMethod(Invoker.java:639)
                        	at org.testng.internal.Invoker.invokeTestMethod(Invoker.java:816)
                        	at org.testng.internal.Invoker.invokeTestMethods(Invoker.java:1124)
                        	at org.testng.internal.TestMethodWorker.invokeTestMethods(TestMethodWorker.java:125)
                        	at org.testng.internal.TestMethodWorker.run(TestMethodWorker.java:108)
                        	at org.testng.TestRunner.privateRun(TestRunner.java:774)
                        	at org.testng.TestRunner.run(TestRunner.java:624)
                        	at org.testng.SuiteRunner.runTest(SuiteRunner.java:359)
                        	at org.testng.SuiteRunner.runSequentially(SuiteRunner.java:354)
                        	at org.testng.SuiteRunner.privateRun(SuiteRunner.java:312)
                        	at org.testng.SuiteRunner.run(SuiteRunner.java:261)
                        	at org.testng.SuiteRunnerWorker.runSuite(SuiteRunnerWorker.java:52)
                        	at org.testng.SuiteRunnerWorker.run(SuiteRunnerWorker.java:86)
                        	at org.testng.TestNG.runSuitesSequentially(TestNG.java:1215)
                        	at org.testng.TestNG.runSuitesLocally(TestNG.java:1140)
                        	at org.testng.TestNG.run(TestNG.java:1048)
                        	at org.testng.TestNG.privateMain(TestNG.java:1355)
                        	at org.testng.TestNG.main(TestNG.java:1324)
                        Caused by: org.openqa.selenium.TimeoutException: Timed out waiting for page load.
                        Build info: version: '2.53.1', revision: 'a36b8b1', time: '2016-06-30 17:37:03'
                        System info: host: 'VeradeMacBook-Pro.local', ip: '192.168.1.47', os.name: 'Mac OS X', os.arch: 'x86_64', os.version: '10.12.4',
                        java.version: '1.8.0_101'
                        Driver info: driver.version: unknown
                        	at &lt;anonymous class&gt;.Utils.initWebLoadingListener/&lt;(file:///var/folders/9f/plvps0w910gdwxmqq6rkdmmc0000gn/T/anonymous2786757453152344032webdriver-profile/extensions/fxdriver@googlecode.com/components/driver-component.js:9071)
                        	at &lt;anonymous class&gt;.WebLoadingListener/e(file:///var/folders/9f/plvps0w910gdwxmqq6rkdmmc0000gn/T/anonymous2786757453152344032webdriver-profile/extensions/fxdriver@googlecode.com/components/driver-component.js:5142)
                        	at &lt;anonymous class&gt;.WebLoadingListener/&lt;(file:///var/folders/9f/plvps0w910gdwxmqq6rkdmmc0000gn/T/anonymous2786757453152344032webdriver-profile/extensions/fxdriver@googlecode.com/components/driver-component.js:5150)
                        	at &lt;anonymous class&gt;.fxdriver.Timer.prototype.setTimeout/&lt;.notify(file:///var/folders/9f/plvps0w910gdwxmqq6rkdmmc0000gn/T/anonymous2786757453152344032webdriver-profile/extensions/fxdriver@googlecode.com/components/driver-component.js:625)
                     </pre>
                  </div>
               </td>
            </tr>
            <tr id="com.test.testcases.Shopping_testShopping_byClass_FAIL3_row"
                class="testMethodStatusFAIL">
               <td width="100%" class="firstMethodCell">
                  <a onclick="toggleDetailsVisibility('com.test.testcases.Shopping_testShopping_byClass_FAIL3_details')">testShopping({mobileprice=3700-3899, mobilename=商品筛选苹果, url=http://www.jd.com})</a>
               </td>
               <td nowrap="true">12:50:59</td>
               <td nowrap="true" align="right">39s
                  
               </td>
               <td nowrap="true">
                  <a onclick="toggleDetailsVisibility('com.test.testcases.Shopping_testShopping_byClass_FAIL3_exception')">java.lang.NullPointerException: </a>
                   
                  
               </td>
            </tr>
            <tr>
               <td colspan="4"
                   style="padding: 0; background-color: white; border-style: none; height: 0px;">
                  <div id="com.test.testcases.Shopping_testShopping_byClass_FAIL3_details"
                       class="testMethodDetails">
                     <div>
                        <b>Name:
                           
                        </b>testShopping
                     </div>
                     <div>
                        <b>Signature:
                           
                        </b>testShopping(java.util.Map)[pri:0, instance:com.test.testcases.Shopping@5c0369c4]
                     </div>
                     <div>
                        <b>Parameters:
                           
                        </b>
                        
                        {mobileprice=3700-3899, mobilename=商品筛选苹果, url=http://www.jd.com}
                        
                        
                     </div>
                     <div>
                        <b>Start time:
                           
                        </b>12:50:59
                     </div>
                     <div>
                        <b>End time:
                           
                        </b>12:51:38
                     </div>
                     <div>
                        <b>Duration:
                           
                        </b>39s
                        
                     </div>
                  </div>
               </td>
            </tr>
            <tr>
               <td colspan="4"
                   style="padding: 0; background-color: white; border-style: none; height: 0px;">
                  <div id="com.test.testcases.Shopping_testShopping_byClass_FAIL3_exception"
                       class="testMethodDetails">
                     <pre style="padding: 5px; margin: 0;">java.lang.NullPointerException
                        	at com.test.page.FirstPage.linkToMobileList(Unknown Source)
                        	at com.test.testcases.Shopping.testShopping(Unknown Source)
                        	at sun.reflect.NativeMethodAccessorImpl.invoke0(Native Method)
                        	at sun.reflect.NativeMethodAccessorImpl.invoke(NativeMethodAccessorImpl.java:62)
                        	at sun.reflect.DelegatingMethodAccessorImpl.invoke(DelegatingMethodAccessorImpl.java:43)
                        	at java.lang.reflect.Method.invoke(Method.java:498)
                        	at org.testng.internal.MethodInvocationHelper.invokeMethod(MethodInvocationHelper.java:85)
                        	at org.testng.internal.Invoker.invokeMethod(Invoker.java:639)
                        	at org.testng.internal.Invoker.invokeTestMethod(Invoker.java:816)
                        	at org.testng.internal.Invoker.invokeTestMethods(Invoker.java:1124)
                        	at org.testng.internal.TestMethodWorker.invokeTestMethods(TestMethodWorker.java:125)
                        	at org.testng.internal.TestMethodWorker.run(TestMethodWorker.java:108)
                        	at org.testng.TestRunner.privateRun(TestRunner.java:774)
                        	at org.testng.TestRunner.run(TestRunner.java:624)
                        	at org.testng.SuiteRunner.runTest(SuiteRunner.java:359)
                        	at org.testng.SuiteRunner.runSequentially(SuiteRunner.java:354)
                        	at org.testng.SuiteRunner.privateRun(SuiteRunner.java:312)
                        	at org.testng.SuiteRunner.run(SuiteRunner.java:261)
                        	at org.testng.SuiteRunnerWorker.runSuite(SuiteRunnerWorker.java:52)
                        	at org.testng.SuiteRunnerWorker.run(SuiteRunnerWorker.java:86)
                        	at org.testng.TestNG.runSuitesSequentially(TestNG.java:1215)
                        	at org.testng.TestNG.runSuitesLocally(TestNG.java:1140)
                        	at org.testng.TestNG.run(TestNG.java:1048)
                        	at org.testng.TestNG.privateMain(TestNG.java:1355)
                        	at org.testng.TestNG.main(TestNG.java:1324)
                     </pre>
                  </div>
               </td>
            </tr>
            <tr id="com.test.testcases.Shopping_closeDriver_byClass_PASS4_row"
                class="testMethodStatusPASS testMethodStatusCONF">
               <td width="100%" class="firstMethodCell">
                  <a onclick="toggleDetailsVisibility('com.test.testcases.Shopping_closeDriver_byClass_PASS4_details')">closeDriver()</a>
               </td>
               <td nowrap="true">12:51:38</td>
               <td nowrap="true" align="right">184 ms
                  
               </td>
               <td nowrap="true">
                   
                  
               </td>
            </tr>
            <tr>
               <td colspan="4"
                   style="padding: 0; background-color: white; border-style: none; height: 0px;">
                  <div id="com.test.testcases.Shopping_closeDriver_byClass_PASS4_details"
                       class="testMethodDetails">
                     <div>
                        <b>Name:
                           
                        </b>closeDriver
                     </div>
                     <div>
                        <b>Signature:
                           
                        </b>closeDriver()[pri:0, instance:com.test.testcases.Shopping@5c0369c4]
                     </div>
                     <div>
                        <b>Start time:
                           
                        </b>12:51:38
                     </div>
                     <div>
                        <b>End time:
                           
                        </b>12:51:39
                     </div>
                     <div>
                        <b>Duration:
                           
                        </b>184 ms
                        
                     </div>
                  </div>
               </td>
            </tr>
            <tr></tr>
         </table>
         <br></br>
      </div>
      <div style="margin-top: 15px; color: gray; text-align: center; font-size: 9px;">
         Generated with
         
         <a href="http://code.google.com/p/testng-xslt/" style="color: #8888aa;"
            target="_blank">
            TestNG XSLT
            
         </a>
      </div>
   </body>
</html>