<?xml version="1.0" encoding="UTF-8"?>
<testng-results skipped="0" failed="2" total="2" passed="0">
  <reporter-output>
    <line>
      <![CDATA[2017-04-06 12:50:59 : 从首页进入手机搜索页面]]>
    </line>
    <line>
      <![CDATA[2017-04-06 12:51:38 : [[FirefoxDriver: firefox on MAC (f6fdac4b-46b5-844d-875c-b8e953c9790f)] -> xpath: .//*[@id='cate_item2']/div[1]/div[2]/dl[1]/dd/a[1]]is not displayed]]>
    </line>
  </reporter-output>
  <suite name="Suite" duration-ms="58938" started-at="2017-04-06T04:50:40Z" finished-at="2017-04-06T04:51:39Z">
    <groups>
    </groups>
    <test name="Test" duration-ms="58938" started-at="2017-04-06T04:50:40Z" finished-at="2017-04-06T04:51:39Z">
      <class name="com.test.testcases.Shopping">
        <test-method status="PASS" signature="initialDriver()[pri:0, instance:com.test.testcases.Shopping@5c0369c4]" name="initialDriver" is-config="true" duration-ms="4385" started-at="2017-04-06T12:50:40Z" finished-at="2017-04-06T12:50:44Z">
          <reporter-output>
          </reporter-output>
        </test-method> <!-- initialDriver -->
        <test-method status="FAIL" signature="testShopping(java.util.Map)[pri:0, instance:com.test.testcases.Shopping@5c0369c4]" name="testShopping" duration-ms="15059" started-at="2017-04-06T12:50:44Z" data-provider="providerMethod" finished-at="2017-04-06T12:50:59Z">
          <params>
            <param index="0">
              <value>
                <![CDATA[{mobileprice=1000-1699, mobilename=商品筛选华为, url=http://www.jd.com}]]>
              </value>
            </param>
          </params>
          <exception class="org.openqa.selenium.TimeoutException">
            <message>
              <![CDATA[Timed out waiting for page load.
Command duration or timeout: 15.05 seconds
Build info: version: '2.53.1', revision: 'a36b8b1', time: '2016-06-30 17:37:03'
System info: host: 'VeradeMacBook-Pro.local', ip: '192.168.1.47', os.name: 'Mac OS X', os.arch: 'x86_64', os.version: '10.12.4', java.version: '1.8.0_101'
Driver info: org.openqa.selenium.firefox.FirefoxDriver
Capabilities [{applicationCacheEnabled=true, rotatable=false, handlesAlerts=true, databaseEnabled=true, version=45.6.0, platform=MAC, nativeEvents=false, acceptSslCerts=true, webStorageEnabled=true, locationContextEnabled=true, browserName=firefox, takesScreenshot=true, javascriptEnabled=true, cssSelectorsEnabled=true}]
Session ID: f6fdac4b-46b5-844d-875c-b8e953c9790f]]>
            </message>
            <full-stacktrace>
              <![CDATA[org.openqa.selenium.TimeoutException: Timed out waiting for page load.
Command duration or timeout: 15.05 seconds
Build info: version: '2.53.1', revision: 'a36b8b1', time: '2016-06-30 17:37:03'
System info: host: 'VeradeMacBook-Pro.local', ip: '192.168.1.47', os.name: 'Mac OS X', os.arch: 'x86_64', os.version: '10.12.4', java.version: '1.8.0_101'
Driver info: org.openqa.selenium.firefox.FirefoxDriver
Capabilities [{applicationCacheEnabled=true, rotatable=false, handlesAlerts=true, databaseEnabled=true, version=45.6.0, platform=MAC, nativeEvents=false, acceptSslCerts=true, webStorageEnabled=true, locationContextEnabled=true, browserName=firefox, takesScreenshot=true, javascriptEnabled=true, cssSelectorsEnabled=true}]
Session ID: f6fdac4b-46b5-844d-875c-b8e953c9790f
	at sun.reflect.NativeConstructorAccessorImpl.newInstance0(Native Method)
	at sun.reflect.NativeConstructorAccessorImpl.newInstance(NativeConstructorAccessorImpl.java:62)
	at sun.reflect.DelegatingConstructorAccessorImpl.newInstance(DelegatingConstructorAccessorImpl.java:45)
	at java.lang.reflect.Constructor.newInstance(Constructor.java:423)
	at org.openqa.selenium.remote.ErrorHandler.createThrowable(ErrorHandler.java:206)
	at org.openqa.selenium.remote.ErrorHandler.throwIfResponseFailed(ErrorHandler.java:158)
	at org.openqa.selenium.remote.RemoteWebDriver.execute(RemoteWebDriver.java:678)
	at org.openqa.selenium.remote.RemoteWebDriver.get(RemoteWebDriver.java:316)
	at com.test.base.TestBase.goTo(Unknown Source)
	at com.test.testcases.Shopping.testShopping(Unknown Source)
	at sun.reflect.NativeMethodAccessorImpl.invoke0(Native Method)
	at sun.reflect.NativeMethodAccessorImpl.invoke(NativeMethodAccessorImpl.java:62)
	at sun.reflect.DelegatingMethodAccessorImpl.invoke(DelegatingMethodAccessorImpl.java:43)
	at java.lang.reflect.Method.invoke(Method.java:498)
	at org.testng.internal.MethodInvocationHelper.invokeMethod(MethodInvocationHelper.java:85)
	at org.testng.internal.Invoker.invokeMethod(Invoker.java:639)
	at org.testng.internal.Invoker.invokeTestMethod(Invoker.java:816)
	at org.testng.internal.Invoker.invokeTestMethods(Invoker.java:1124)
	at org.testng.internal.TestMethodWorker.invokeTestMethods(TestMethodWorker.java:125)
	at org.testng.internal.TestMethodWorker.run(TestMethodWorker.java:108)
	at org.testng.TestRunner.privateRun(TestRunner.java:774)
	at org.testng.TestRunner.run(TestRunner.java:624)
	at org.testng.SuiteRunner.runTest(SuiteRunner.java:359)
	at org.testng.SuiteRunner.runSequentially(SuiteRunner.java:354)
	at org.testng.SuiteRunner.privateRun(SuiteRunner.java:312)
	at org.testng.SuiteRunner.run(SuiteRunner.java:261)
	at org.testng.SuiteRunnerWorker.runSuite(SuiteRunnerWorker.java:52)
	at org.testng.SuiteRunnerWorker.run(SuiteRunnerWorker.java:86)
	at org.testng.TestNG.runSuitesSequentially(TestNG.java:1215)
	at org.testng.TestNG.runSuitesLocally(TestNG.java:1140)
	at org.testng.TestNG.run(TestNG.java:1048)
	at org.testng.TestNG.privateMain(TestNG.java:1355)
	at org.testng.TestNG.main(TestNG.java:1324)
Caused by: org.openqa.selenium.TimeoutException: Timed out waiting for page load.
Build info: version: '2.53.1', revision: 'a36b8b1', time: '2016-06-30 17:37:03'
System info: host: 'VeradeMacBook-Pro.local', ip: '192.168.1.47', os.name: 'Mac OS X', os.arch: 'x86_64', os.version: '10.12.4', java.version: '1.8.0_101'
Driver info: driver.version: unknown
	at <anonymous class>.Utils.initWebLoadingListener/<(file:///var/folders/9f/plvps0w910gdwxmqq6rkdmmc0000gn/T/anonymous2786757453152344032webdriver-profile/extensions/fxdriver@googlecode.com/components/driver-component.js:9071)
	at <anonymous class>.WebLoadingListener/e(file:///var/folders/9f/plvps0w910gdwxmqq6rkdmmc0000gn/T/anonymous2786757453152344032webdriver-profile/extensions/fxdriver@googlecode.com/components/driver-component.js:5142)
	at <anonymous class>.WebLoadingListener/<(file:///var/folders/9f/plvps0w910gdwxmqq6rkdmmc0000gn/T/anonymous2786757453152344032webdriver-profile/extensions/fxdriver@googlecode.com/components/driver-component.js:5150)
	at <anonymous class>.fxdriver.Timer.prototype.setTimeout/<.notify(file:///var/folders/9f/plvps0w910gdwxmqq6rkdmmc0000gn/T/anonymous2786757453152344032webdriver-profile/extensions/fxdriver@googlecode.com/components/driver-component.js:625)
]]>
            </full-stacktrace>
          </exception> <!-- org.openqa.selenium.TimeoutException -->
          <reporter-output>
          </reporter-output>
        </test-method> <!-- testShopping -->
        <test-method status="FAIL" signature="testShopping(java.util.Map)[pri:0, instance:com.test.testcases.Shopping@5c0369c4]" name="testShopping" duration-ms="39202" started-at="2017-04-06T12:50:59Z" data-provider="providerMethod" finished-at="2017-04-06T12:51:38Z">
          <params>
            <param index="0">
              <value>
                <![CDATA[{mobileprice=3700-3899, mobilename=商品筛选苹果, url=http://www.jd.com}]]>
              </value>
            </param>
          </params>
          <exception class="java.lang.NullPointerException">
            <full-stacktrace>
              <![CDATA[java.lang.NullPointerException
	at com.test.page.FirstPage.linkToMobileList(Unknown Source)
	at com.test.testcases.Shopping.testShopping(Unknown Source)
	at sun.reflect.NativeMethodAccessorImpl.invoke0(Native Method)
	at sun.reflect.NativeMethodAccessorImpl.invoke(NativeMethodAccessorImpl.java:62)
	at sun.reflect.DelegatingMethodAccessorImpl.invoke(DelegatingMethodAccessorImpl.java:43)
	at java.lang.reflect.Method.invoke(Method.java:498)
	at org.testng.internal.MethodInvocationHelper.invokeMethod(MethodInvocationHelper.java:85)
	at org.testng.internal.Invoker.invokeMethod(Invoker.java:639)
	at org.testng.internal.Invoker.invokeTestMethod(Invoker.java:816)
	at org.testng.internal.Invoker.invokeTestMethods(Invoker.java:1124)
	at org.testng.internal.TestMethodWorker.invokeTestMethods(TestMethodWorker.java:125)
	at org.testng.internal.TestMethodWorker.run(TestMethodWorker.java:108)
	at org.testng.TestRunner.privateRun(TestRunner.java:774)
	at org.testng.TestRunner.run(TestRunner.java:624)
	at org.testng.SuiteRunner.runTest(SuiteRunner.java:359)
	at org.testng.SuiteRunner.runSequentially(SuiteRunner.java:354)
	at org.testng.SuiteRunner.privateRun(SuiteRunner.java:312)
	at org.testng.SuiteRunner.run(SuiteRunner.java:261)
	at org.testng.SuiteRunnerWorker.runSuite(SuiteRunnerWorker.java:52)
	at org.testng.SuiteRunnerWorker.run(SuiteRunnerWorker.java:86)
	at org.testng.TestNG.runSuitesSequentially(TestNG.java:1215)
	at org.testng.TestNG.runSuitesLocally(TestNG.java:1140)
	at org.testng.TestNG.run(TestNG.java:1048)
	at org.testng.TestNG.privateMain(TestNG.java:1355)
	at org.testng.TestNG.main(TestNG.java:1324)
]]>
            </full-stacktrace>
          </exception> <!-- java.lang.NullPointerException -->
          <reporter-output>
            <line>
              <![CDATA[2017-04-06 12:50:59 : 从首页进入手机搜索页面]]>
            </line>
            <line>
              <![CDATA[2017-04-06 12:51:38 : [[FirefoxDriver: firefox on MAC (f6fdac4b-46b5-844d-875c-b8e953c9790f)] -> xpath: .//*[@id='cate_item2']/div[1]/div[2]/dl[1]/dd/a[1]]is not displayed]]>
            </line>
          </reporter-output>
        </test-method> <!-- testShopping -->
        <test-method status="PASS" signature="closeDriver()[pri:0, instance:com.test.testcases.Shopping@5c0369c4]" name="closeDriver" is-config="true" duration-ms="184" started-at="2017-04-06T12:51:38Z" finished-at="2017-04-06T12:51:39Z">
          <reporter-output>
          </reporter-output>
        </test-method> <!-- closeDriver -->
      </class> <!-- com.test.testcases.Shopping -->
    </test> <!-- Test -->
  </suite> <!-- Suite -->
</testng-results>
